Started GET "/" for ::1 at 2020-10-13 20:25:17 +0800
  [1m[35m (3.8ms)[0m  [1m[34mSELECT sqlite_version(*)[0m
Processing by Rails::WelcomeController#index as HTML
  Rendering /home/yuva/.rbenv/versions/2.6.6/lib/ruby/gems/2.6.0/gems/railties-6.0.3.4/lib/rails/templates/rails/welcome/index.html.erb
  Rendered /home/yuva/.rbenv/versions/2.6.6/lib/ruby/gems/2.6.0/gems/railties-6.0.3.4/lib/rails/templates/rails/welcome/index.html.erb (Duration: 23.0ms | Allocations: 471)
Completed 200 OK in 51ms (Views: 32.7ms | ActiveRecord: 0.0ms | Allocations: 2717)


Started GET "/" for ::1 at 2020-10-13 20:46:39 +0800
  [1m[35m (1.2ms)[0m  [1m[34mSELECT sqlite_version(*)[0m
Processing by Rails::WelcomeController#index as HTML
  Rendering /home/yuva/.rbenv/versions/2.6.6/lib/ruby/gems/2.6.0/gems/railties-6.0.3.4/lib/rails/templates/rails/welcome/index.html.erb
  Rendered /home/yuva/.rbenv/versions/2.6.6/lib/ruby/gems/2.6.0/gems/railties-6.0.3.4/lib/rails/templates/rails/welcome/index.html.erb (Duration: 21.1ms | Allocations: 300)
Completed 200 OK in 45ms (Views: 25.9ms | ActiveRecord: 0.0ms | Allocations: 1640)


Started GET "/ask" for ::1 at 2020-10-13 20:46:43 +0800
Processing by QuestionsController#ask as HTML
  Rendering questions/ask.html.erb within layouts/application
  Rendered questions/ask.html.erb within layouts/application (Duration: 1.2ms | Allocations: 82)
[Webpacker] Compiling...
[Webpacker] Compiled all packs in /home/yuva/code/yuvarajan1989k/rails-stupid-coaching/public/packs
[Webpacker] Hash: 6249d34a60b5b41e803f
Version: webpack 4.44.2
Time: 3370ms
Built at: 10/13/2020 8:46:53 PM
                                     Asset       Size       Chunks                         Chunk Names
    js/application-e432d36ab9763137ce3c.js   89.1 KiB  application  [emitted] [immutable]  application
js/application-e432d36ab9763137ce3c.js.map   97.9 KiB  application  [emitted] [dev]        application
                             manifest.json  364 bytes               [emitted]              
Entrypoint application = js/application-e432d36ab9763137ce3c.js js/application-e432d36ab9763137ce3c.js.map
[./app/javascript/channels sync recursive _channel\.js$] ./app/javascript/channels sync _channel\.js$ 160 bytes {application} [built]
[./app/javascript/channels/index.js] 211 bytes {application} [built]
[./app/javascript/packs/application.js] 707 bytes {application} [built]
[./node_modules/webpack/buildin/module.js] (webpack)/buildin/module.js 552 bytes {application} [built]
    + 2 hidden modules

Completed 200 OK in 9454ms (Views: 9450.9ms | ActiveRecord: 0.0ms | Allocations: 1482560)


Started GET "/ask" for ::1 at 2020-10-13 20:47:03 +0800
Processing by QuestionsController#ask as HTML
  Rendering questions/ask.html.erb within layouts/application
  Rendered questions/ask.html.erb within layouts/application (Duration: 0.1ms | Allocations: 4)
[Webpacker] Everything's up-to-date. Nothing to do
Completed 200 OK in 26ms (Views: 23.2ms | ActiveRecord: 0.0ms | Allocations: 4515)


Started GET "/" for ::1 at 2020-10-13 20:57:51 +0800
  [1m[35m (1.0ms)[0m  [1m[34mSELECT sqlite_version(*)[0m
Processing by Rails::WelcomeController#index as HTML
  Rendering /home/yuva/.rbenv/versions/2.6.6/lib/ruby/gems/2.6.0/gems/railties-6.0.3.4/lib/rails/templates/rails/welcome/index.html.erb
  Rendered /home/yuva/.rbenv/versions/2.6.6/lib/ruby/gems/2.6.0/gems/railties-6.0.3.4/lib/rails/templates/rails/welcome/index.html.erb (Duration: 23.4ms | Allocations: 300)
Completed 200 OK in 49ms (Views: 28.0ms | ActiveRecord: 0.0ms | Allocations: 1738)


Started GET "/ask" for ::1 at 2020-10-13 20:57:56 +0800
Processing by QuestionsController#ask as HTML
  Rendering questions/ask.html.erb within layouts/application
  Rendered questions/ask.html.erb within layouts/application (Duration: 1.2ms | Allocations: 85)
[Webpacker] Everything's up-to-date. Nothing to do
Completed 200 OK in 2388ms (Views: 2385.0ms | ActiveRecord: 0.0ms | Allocations: 1474210)


Started GET "/ask?%2Fanswer=hi" for ::1 at 2020-10-13 20:58:04 +0800
Processing by QuestionsController#ask as HTML
  Parameters: {"/answer"=>"hi"}
  Rendering questions/ask.html.erb within layouts/application
  Rendered questions/ask.html.erb within layouts/application (Duration: 0.2ms | Allocations: 5)
[Webpacker] Everything's up-to-date. Nothing to do
Completed 200 OK in 23ms (Views: 20.9ms | ActiveRecord: 0.0ms | Allocations: 4507)


Started GET "/ask" for ::1 at 2020-10-13 20:59:54 +0800
Processing by QuestionsController#ask as HTML
  Rendering questions/ask.html.erb within layouts/application
  Rendered questions/ask.html.erb within layouts/application (Duration: 1.2ms | Allocations: 90)
[Webpacker] Everything's up-to-date. Nothing to do
Completed 200 OK in 42ms (Views: 38.4ms | ActiveRecord: 0.0ms | Allocations: 5319)


Started GET "/answer?answer=hi" for ::1 at 2020-10-13 20:59:58 +0800
  
ActionController::RoutingError (No route matches [GET] "/answer"):
  
actionpack (6.0.3.4) lib/action_dispatch/middleware/debug_exceptions.rb:36:in `call'
web-console (4.0.4) lib/web_console/middleware.rb:132:in `call_app'
web-console (4.0.4) lib/web_console/middleware.rb:28:in `block in call'
web-console (4.0.4) lib/web_console/middleware.rb:17:in `catch'
web-console (4.0.4) lib/web_console/middleware.rb:17:in `call'
actionpack (6.0.3.4) lib/action_dispatch/middleware/show_exceptions.rb:33:in `call'
railties (6.0.3.4) lib/rails/rack/logger.rb:37:in `call_app'
railties (6.0.3.4) lib/rails/rack/logger.rb:26:in `block in call'
activesupport (6.0.3.4) lib/active_support/tagged_logging.rb:80:in `block in tagged'
activesupport (6.0.3.4) lib/active_support/tagged_logging.rb:28:in `tagged'
activesupport (6.0.3.4) lib/active_support/tagged_logging.rb:80:in `tagged'
railties (6.0.3.4) lib/rails/rack/logger.rb:26:in `call'
sprockets-rails (3.2.2) lib/sprockets/rails/quiet_assets.rb:13:in `call'
actionpack (6.0.3.4) lib/action_dispatch/middleware/remote_ip.rb:81:in `call'
actionpack (6.0.3.4) lib/action_dispatch/middleware/request_id.rb:27:in `call'
rack (2.2.3) lib/rack/method_override.rb:24:in `call'
rack (2.2.3) lib/rack/runtime.rb:22:in `call'
activesupport (6.0.3.4) lib/active_support/cache/strategy/local_cache_middleware.rb:29:in `call'
actionpack (6.0.3.4) lib/action_dispatch/middleware/executor.rb:14:in `call'
actionpack (6.0.3.4) lib/action_dispatch/middleware/static.rb:126:in `call'
rack (2.2.3) lib/rack/sendfile.rb:110:in `call'
actionpack (6.0.3.4) lib/action_dispatch/middleware/host_authorization.rb:82:in `call'
webpacker (4.3.0) lib/webpacker/dev_server_proxy.rb:23:in `perform_request'
rack-proxy (0.6.5) lib/rack/proxy.rb:57:in `call'
railties (6.0.3.4) lib/rails/engine.rb:527:in `call'
puma (3.12.6) lib/puma/configuration.rb:227:in `call'
puma (3.12.6) lib/puma/server.rb:706:in `handle_request'
puma (3.12.6) lib/puma/server.rb:476:in `process_client'
puma (3.12.6) lib/puma/server.rb:334:in `block in run'
puma (3.12.6) lib/puma/thread_pool.rb:135:in `block in spawn_thread'
Started GET "/" for ::1 at 2020-10-13 21:02:21 +0800
  [1m[35m (0.2ms)[0m  [1m[34mSELECT sqlite_version(*)[0m
Processing by Rails::WelcomeController#index as HTML
  Rendering /home/yuva/.rbenv/versions/2.6.6/lib/ruby/gems/2.6.0/gems/railties-6.0.3.4/lib/rails/templates/rails/welcome/index.html.erb
  Rendered /home/yuva/.rbenv/versions/2.6.6/lib/ruby/gems/2.6.0/gems/railties-6.0.3.4/lib/rails/templates/rails/welcome/index.html.erb (Duration: 19.2ms | Allocations: 184)
Completed 200 OK in 25ms (Views: 22.1ms | ActiveRecord: 0.0ms | Allocations: 893)


Started GET "/ask" for ::1 at 2020-10-13 21:02:26 +0800
Processing by QuestionsController#ask as HTML
  Rendering questions/ask.html.erb within layouts/application
  Rendered questions/ask.html.erb within layouts/application (Duration: 0.8ms | Allocations: 81)
[Webpacker] Everything's up-to-date. Nothing to do
Completed 200 OK in 25ms (Views: 22.1ms | ActiveRecord: 0.0ms | Allocations: 5248)


Started GET "/answer?answer=hi" for ::1 at 2020-10-13 21:02:30 +0800
Processing by QuestionsController#answer as HTML
  Parameters: {"answer"=>"hi"}
  Rendering questions/answer.html.erb within layouts/application
  Rendered questions/answer.html.erb within layouts/application (Duration: 1.3ms | Allocations: 82)
[Webpacker] Everything's up-to-date. Nothing to do
Completed 200 OK in 23ms (Views: 20.0ms | ActiveRecord: 0.0ms | Allocations: 4712)


Started GET "/" for ::1 at 2020-10-13 21:07:12 +0800
  [1m[35m (0.3ms)[0m  [1m[34mSELECT sqlite_version(*)[0m
Processing by Rails::WelcomeController#index as HTML
  Rendering /home/yuva/.rbenv/versions/2.6.6/lib/ruby/gems/2.6.0/gems/railties-6.0.3.4/lib/rails/templates/rails/welcome/index.html.erb
  Rendered /home/yuva/.rbenv/versions/2.6.6/lib/ruby/gems/2.6.0/gems/railties-6.0.3.4/lib/rails/templates/rails/welcome/index.html.erb (Duration: 20.1ms | Allocations: 184)
Completed 200 OK in 27ms (Views: 24.3ms | ActiveRecord: 0.0ms | Allocations: 1021)


Started GET "/ask" for ::1 at 2020-10-13 21:07:16 +0800
Processing by QuestionsController#ask as HTML
  Rendering questions/ask.html.erb within layouts/application
  Rendered questions/ask.html.erb within layouts/application (Duration: 1.1ms | Allocations: 82)
[Webpacker] Everything's up-to-date. Nothing to do
Completed 200 OK in 44ms (Views: 39.2ms | ActiveRecord: 0.0ms | Allocations: 5240)


Started GET "/answer?question=how+are+you+%3F" for ::1 at 2020-10-13 21:07:22 +0800
Processing by QuestionsController#answer as HTML
  Parameters: {"question"=>"how are you ?"}
  Rendering questions/answer.html.erb within layouts/application
  Rendered questions/answer.html.erb within layouts/application (Duration: 548.3ms | Allocations: 55010)
Completed 500 Internal Server Error in 554ms (ActiveRecord: 0.0ms | Allocations: 55589)


  
ActionView::Template::Error (undefined method `echo' for #<#<Class:0x00007fddc204f360>:0x00007fddc2155fe8>):
    1: <h1><%= echo @question %></h1>
  
app/views/questions/answer.html.erb:1
Started GET "/" for ::1 at 2020-10-13 21:08:09 +0800
Processing by Rails::WelcomeController#index as HTML
  Rendering /home/yuva/.rbenv/versions/2.6.6/lib/ruby/gems/2.6.0/gems/railties-6.0.3.4/lib/rails/templates/rails/welcome/index.html.erb
  Rendered /home/yuva/.rbenv/versions/2.6.6/lib/ruby/gems/2.6.0/gems/railties-6.0.3.4/lib/rails/templates/rails/welcome/index.html.erb (Duration: 21.8ms | Allocations: 184)
Completed 200 OK in 29ms (Views: 25.1ms | ActiveRecord: 0.0ms | Allocations: 893)


Started GET "/ask" for ::1 at 2020-10-13 21:08:13 +0800
Processing by QuestionsController#ask as HTML
  Rendering questions/ask.html.erb within layouts/application
  Rendered questions/ask.html.erb within layouts/application (Duration: 0.4ms | Allocations: 81)
[Webpacker] Everything's up-to-date. Nothing to do
Completed 200 OK in 12ms (Views: 10.2ms | ActiveRecord: 0.0ms | Allocations: 5276)


Started GET "/answer?question=hi" for ::1 at 2020-10-13 21:08:17 +0800
Processing by QuestionsController#answer as HTML
  Parameters: {"question"=>"hi"}
  Rendering questions/answer.html.erb within layouts/application
  Rendered questions/answer.html.erb within layouts/application (Duration: 1.1ms | Allocations: 94)
[Webpacker] Everything's up-to-date. Nothing to do
Completed 200 OK in 25ms (Views: 21.5ms | ActiveRecord: 0.0ms | Allocations: 4747)


Started GET "/" for ::1 at 2020-10-13 21:23:40 +0800
  [1m[35m (0.3ms)[0m  [1m[34mSELECT sqlite_version(*)[0m
Processing by Rails::WelcomeController#index as HTML
  Rendering /home/yuva/.rbenv/versions/2.6.6/lib/ruby/gems/2.6.0/gems/railties-6.0.3.4/lib/rails/templates/rails/welcome/index.html.erb
  Rendered /home/yuva/.rbenv/versions/2.6.6/lib/ruby/gems/2.6.0/gems/railties-6.0.3.4/lib/rails/templates/rails/welcome/index.html.erb (Duration: 19.8ms | Allocations: 184)
Completed 200 OK in 26ms (Views: 22.6ms | ActiveRecord: 0.0ms | Allocations: 882)


Started GET "/ask" for ::1 at 2020-10-13 21:23:43 +0800
Processing by QuestionsController#ask as HTML
  Rendering questions/ask.html.erb within layouts/application
  Rendered questions/ask.html.erb within layouts/application (Duration: 0.5ms | Allocations: 81)
[Webpacker] Everything's up-to-date. Nothing to do
Completed 200 OK in 18ms (Views: 16.3ms | ActiveRecord: 0.0ms | Allocations: 5239)


Started GET "/answer?question=hi%3F" for ::1 at 2020-10-13 21:23:53 +0800
Processing by QuestionsController#answer as HTML
  Parameters: {"question"=>"hi?"}
  Rendering questions/answer.html.erb within layouts/application
  Rendered questions/answer.html.erb within layouts/application (Duration: 9.1ms | Allocations: 2225)
Completed 500 Internal Server Error in 15ms (ActiveRecord: 0.0ms | Allocations: 2801)


  
ActionView::Template::Error (undefined method `include' for "hi?":String
Did you mean?  include?):
    1: <% if @question == "I am going to work" %>
    2:    <h2> Great! </h2>
    3: <% elsif @question.include('?') %>
    4:    <h2> Silly question, get dressed and go to work!. </h2>
    5: <% else %>
    6:    <h2> I don't care, get dressed and go to work! </h2>
  
app/views/questions/answer.html.erb:3
Started PUT "/__web_console/repl_sessions/7eeef9b62d14c73812db6c3bf23da3c7" for ::1 at 2020-10-13 21:24:11 +0800
Started PUT "/__web_console/repl_sessions/7eeef9b62d14c73812db6c3bf23da3c7" for ::1 at 2020-10-13 21:24:12 +0800
Started PUT "/__web_console/repl_sessions/7eeef9b62d14c73812db6c3bf23da3c7" for ::1 at 2020-10-13 21:24:15 +0800
Started PUT "/__web_console/repl_sessions/7eeef9b62d14c73812db6c3bf23da3c7" for ::1 at 2020-10-13 21:24:24 +0800
Started GET "/ask" for ::1 at 2020-10-13 21:24:36 +0800
Processing by QuestionsController#ask as HTML
  Rendering questions/ask.html.erb within layouts/application
  Rendered questions/ask.html.erb within layouts/application (Duration: 1.5ms | Allocations: 81)
[Webpacker] Everything's up-to-date. Nothing to do
Completed 200 OK in 32ms (Views: 28.2ms | ActiveRecord: 0.0ms | Allocations: 5297)


Started GET "/answer?question=hi%3F" for ::1 at 2020-10-13 21:24:41 +0800
Processing by QuestionsController#answer as HTML
  Parameters: {"question"=>"hi?"}
  Rendering questions/answer.html.erb within layouts/application
  Rendered questions/answer.html.erb within layouts/application (Duration: 1.3ms | Allocations: 139)
[Webpacker] Everything's up-to-date. Nothing to do
Completed 200 OK in 18ms (Views: 15.7ms | ActiveRecord: 0.0ms | Allocations: 4790)


Started GET "/ask" for ::1 at 2020-10-13 21:24:58 +0800
Processing by QuestionsController#ask as HTML
  Rendering questions/ask.html.erb within layouts/application
  Rendered questions/ask.html.erb within layouts/application (Duration: 0.2ms | Allocations: 4)
[Webpacker] Everything's up-to-date. Nothing to do
Completed 200 OK in 21ms (Views: 19.6ms | ActiveRecord: 0.0ms | Allocations: 4501)


Started GET "/answer?question=I+am+going+to+work" for ::1 at 2020-10-13 21:25:26 +0800
Processing by QuestionsController#answer as HTML
  Parameters: {"question"=>"I am going to work"}
  Rendering questions/answer.html.erb within layouts/application
  Rendered questions/answer.html.erb within layouts/application (Duration: 0.2ms | Allocations: 5)
[Webpacker] Everything's up-to-date. Nothing to do
Completed 200 OK in 28ms (Views: 24.1ms | ActiveRecord: 0.0ms | Allocations: 4509)


Started GET "/ask" for ::1 at 2020-10-13 21:25:37 +0800
Processing by QuestionsController#ask as HTML
  Rendering questions/ask.html.erb within layouts/application
  Rendered questions/ask.html.erb within layouts/application (Duration: 0.1ms | Allocations: 4)
[Webpacker] Everything's up-to-date. Nothing to do
Completed 200 OK in 15ms (Views: 14.1ms | ActiveRecord: 0.0ms | Allocations: 4490)


Started GET "/answer?question=hjdlls" for ::1 at 2020-10-13 21:25:42 +0800
Processing by QuestionsController#answer as HTML
  Parameters: {"question"=>"hjdlls"}
  Rendering questions/answer.html.erb within layouts/application
  Rendered questions/answer.html.erb within layouts/application (Duration: 0.1ms | Allocations: 6)
[Webpacker] Everything's up-to-date. Nothing to do
Completed 200 OK in 8ms (Views: 7.1ms | ActiveRecord: 0.0ms | Allocations: 4513)


Started GET "/answer?question=hj%3F" for ::1 at 2020-10-13 21:26:00 +0800
Processing by QuestionsController#answer as HTML
  Parameters: {"question"=>"hj?"}
  Rendering questions/answer.html.erb within layouts/application
  Rendered questions/answer.html.erb within layouts/application (Duration: 0.1ms | Allocations: 6)
[Webpacker] Everything's up-to-date. Nothing to do
Completed 200 OK in 12ms (Views: 10.9ms | ActiveRecord: 0.0ms | Allocations: 4507)


Started GET "/" for ::1 at 2020-10-13 21:27:54 +0800
Processing by Rails::WelcomeController#index as HTML
  Rendering /home/yuva/.rbenv/versions/2.6.6/lib/ruby/gems/2.6.0/gems/railties-6.0.3.4/lib/rails/templates/rails/welcome/index.html.erb
  Rendered /home/yuva/.rbenv/versions/2.6.6/lib/ruby/gems/2.6.0/gems/railties-6.0.3.4/lib/rails/templates/rails/welcome/index.html.erb (Duration: 17.1ms | Allocations: 184)
Completed 200 OK in 24ms (Views: 20.0ms | ActiveRecord: 0.0ms | Allocations: 894)


Started GET "/ask" for ::1 at 2020-10-13 21:27:58 +0800
Processing by QuestionsController#ask as HTML
  Rendering questions/ask.html.erb within layouts/application
  Rendered questions/ask.html.erb within layouts/application (Duration: 1.0ms | Allocations: 81)
[Webpacker] Everything's up-to-date. Nothing to do
Completed 200 OK in 28ms (Views: 25.5ms | ActiveRecord: 0.0ms | Allocations: 5266)


Started GET "/answer?question=hi" for ::1 at 2020-10-13 21:28:05 +0800
Processing by QuestionsController#answer as HTML
  Parameters: {"question"=>"hi"}
  Rendering questions/answer.html.erb within layouts/application
  Rendered questions/answer.html.erb within layouts/application (Duration: 2.0ms | Allocations: 175)
[Webpacker] Everything's up-to-date. Nothing to do
Completed 200 OK in 29ms (Views: 25.8ms | ActiveRecord: 0.0ms | Allocations: 4816)


Started GET "/ask" for ::1 at 2020-10-13 21:28:07 +0800
Processing by QuestionsController#ask as HTML
  Rendering questions/ask.html.erb within layouts/application
  Rendered questions/ask.html.erb within layouts/application (Duration: 0.1ms | Allocations: 4)
[Webpacker] Everything's up-to-date. Nothing to do
Completed 200 OK in 33ms (Views: 26.4ms | ActiveRecord: 0.0ms | Allocations: 4491)


Started GET "/answer?question=yuva" for ::1 at 2020-10-13 21:28:15 +0800
Processing by QuestionsController#answer as HTML
  Parameters: {"question"=>"yuva"}
  Rendering questions/answer.html.erb within layouts/application
  Rendered questions/answer.html.erb within layouts/application (Duration: 0.3ms | Allocations: 20)
[Webpacker] Everything's up-to-date. Nothing to do
Completed 200 OK in 27ms (Views: 24.8ms | ActiveRecord: 0.0ms | Allocations: 4524)


Started GET "/ask" for ::1 at 2020-10-13 21:28:22 +0800
Processing by QuestionsController#ask as HTML
  Rendering questions/ask.html.erb within layouts/application
  Rendered questions/ask.html.erb within layouts/application (Duration: 0.2ms | Allocations: 4)
[Webpacker] Everything's up-to-date. Nothing to do
Completed 200 OK in 35ms (Views: 33.6ms | ActiveRecord: 0.0ms | Allocations: 4492)


Started GET "/" for ::1 at 2020-10-13 21:33:27 +0800
Processing by Rails::WelcomeController#index as HTML
  Rendering /home/yuva/.rbenv/versions/2.6.6/lib/ruby/gems/2.6.0/gems/railties-6.0.3.4/lib/rails/templates/rails/welcome/index.html.erb
  Rendered /home/yuva/.rbenv/versions/2.6.6/lib/ruby/gems/2.6.0/gems/railties-6.0.3.4/lib/rails/templates/rails/welcome/index.html.erb (Duration: 24.5ms | Allocations: 184)
Completed 200 OK in 32ms (Views: 28.0ms | ActiveRecord: 0.0ms | Allocations: 890)


Started GET "/ask" for ::1 at 2020-10-13 21:33:30 +0800
Processing by QuestionsController#ask as HTML
  Rendering questions/ask.html.erb within layouts/application
  Rendered questions/ask.html.erb within layouts/application (Duration: 2.1ms | Allocations: 81)
[Webpacker] Everything's up-to-date. Nothing to do
Completed 200 OK in 38ms (Views: 34.1ms | ActiveRecord: 0.0ms | Allocations: 5274)


Started GET "/answer?question=hi" for ::1 at 2020-10-13 21:33:39 +0800
Processing by QuestionsController#answer as HTML
  Parameters: {"question"=>"hi"}
  Rendering questions/answer.html.erb within layouts/application
  Rendered questions/answer.html.erb within layouts/application (Duration: 1.6ms | Allocations: 173)
[Webpacker] Everything's up-to-date. Nothing to do
Completed 200 OK in 27ms (Views: 23.2ms | ActiveRecord: 0.0ms | Allocations: 4812)


Started GET "/ask" for ::1 at 2020-10-13 21:33:42 +0800
Processing by QuestionsController#ask as HTML
  Rendering questions/ask.html.erb within layouts/application
  Rendered questions/ask.html.erb within layouts/application (Duration: 0.2ms | Allocations: 4)
[Webpacker] Everything's up-to-date. Nothing to do
Completed 200 OK in 35ms (Views: 33.6ms | ActiveRecord: 0.0ms | Allocations: 4497)


Started GET "/answer?question=hi" for ::1 at 2020-10-13 21:35:23 +0800
Processing by QuestionsController#answer as HTML
  Parameters: {"question"=>"hi"}
  Rendering questions/answer.html.erb within layouts/application
  Rendered questions/answer.html.erb within layouts/application (Duration: 1.6ms | Allocations: 180)
[Webpacker] Everything's up-to-date. Nothing to do
Completed 200 OK in 30ms (Views: 25.6ms | ActiveRecord: 0.0ms | Allocations: 5401)


Started GET "/ask" for ::1 at 2020-10-13 21:36:33 +0800
Processing by QuestionsController#ask as HTML
  Rendering questions/ask.html.erb within layouts/application
  Rendered questions/ask.html.erb within layouts/application (Duration: 1.2ms | Allocations: 81)
[Webpacker] Everything's up-to-date. Nothing to do
Completed 200 OK in 42ms (Views: 30.9ms | ActiveRecord: 0.0ms | Allocations: 5290)


Started GET "/answer?question=hi" for ::1 at 2020-10-13 21:36:36 +0800
Processing by QuestionsController#answer as HTML
  Parameters: {"question"=>"hi"}
  Rendering questions/answer.html.erb within layouts/application
  Rendered questions/answer.html.erb within layouts/application (Duration: 2.4ms | Allocations: 218)
[Webpacker] Everything's up-to-date. Nothing to do
Completed 200 OK in 29ms (Views: 26.6ms | ActiveRecord: 0.0ms | Allocations: 4861)


Started GET "/" for ::1 at 2020-10-13 21:39:20 +0800
Processing by Rails::WelcomeController#index as HTML
  Rendering /home/yuva/.rbenv/versions/2.6.6/lib/ruby/gems/2.6.0/gems/railties-6.0.3.4/lib/rails/templates/rails/welcome/index.html.erb
  Rendered /home/yuva/.rbenv/versions/2.6.6/lib/ruby/gems/2.6.0/gems/railties-6.0.3.4/lib/rails/templates/rails/welcome/index.html.erb (Duration: 25.0ms | Allocations: 184)
Completed 200 OK in 33ms (Views: 28.9ms | ActiveRecord: 0.0ms | Allocations: 890)


Started GET "/ask" for ::1 at 2020-10-13 21:39:24 +0800
Processing by QuestionsController#ask as HTML
  Rendering questions/ask.html.erb within layouts/application
  Rendered questions/ask.html.erb within layouts/application (Duration: 1.2ms | Allocations: 81)
[Webpacker] Everything's up-to-date. Nothing to do
Completed 200 OK in 37ms (Views: 31.9ms | ActiveRecord: 0.0ms | Allocations: 5271)


Started GET "/answer?question=hi" for ::1 at 2020-10-13 21:39:29 +0800
Processing by QuestionsController#answer as HTML
  Parameters: {"question"=>"hi"}
  Rendering questions/answer.html.erb within layouts/application
  Rendered questions/answer.html.erb within layouts/application (Duration: 2.1ms | Allocations: 217)
[Webpacker] Everything's up-to-date. Nothing to do
Completed 200 OK in 30ms (Views: 27.0ms | ActiveRecord: 0.0ms | Allocations: 4852)


Started GET "/ask" for ::1 at 2020-10-13 21:44:50 +0800
Processing by QuestionsController#ask as HTML
  Rendering questions/ask.html.erb within layouts/application
  Rendered questions/ask.html.erb within layouts/application (Duration: 0.1ms | Allocations: 4)
[Webpacker] Everything's up-to-date. Nothing to do
Completed 200 OK in 24ms (Views: 22.0ms | ActiveRecord: 0.0ms | Allocations: 4900)


Started GET "/answer?question=hi" for ::1 at 2020-10-13 21:44:55 +0800
Processing by QuestionsController#answer as HTML
  Parameters: {"question"=>"hi"}
  Rendering questions/answer.html.erb within layouts/application
  Rendered questions/answer.html.erb within layouts/application (Duration: 0.4ms | Allocations: 21)
[Webpacker] Everything's up-to-date. Nothing to do
Completed 200 OK in 70ms (Views: 67.7ms | ActiveRecord: 0.0ms | Allocations: 4534)


Started GET "/" for ::1 at 2020-10-15 19:36:26 +0800
  [1m[35m (2.8ms)[0m  [1m[34mSELECT sqlite_version(*)[0m
Processing by Rails::WelcomeController#index as HTML
  Rendering /home/yuva/.rbenv/versions/2.6.6/lib/ruby/gems/2.6.0/gems/railties-6.0.3.4/lib/rails/templates/rails/welcome/index.html.erb
  Rendered /home/yuva/.rbenv/versions/2.6.6/lib/ruby/gems/2.6.0/gems/railties-6.0.3.4/lib/rails/templates/rails/welcome/index.html.erb (Duration: 27.9ms | Allocations: 300)
Completed 200 OK in 65ms (Views: 37.7ms | ActiveRecord: 0.0ms | Allocations: 1742)


Started GET "/ask" for ::1 at 2020-10-15 19:36:30 +0800
Processing by QuestionsController#ask as HTML
  Rendering questions/ask.html.erb within layouts/application
  Rendered questions/ask.html.erb within layouts/application (Duration: 0.5ms | Allocations: 85)
[Webpacker] Everything's up-to-date. Nothing to do
Completed 200 OK in 1979ms (Views: 1976.9ms | ActiveRecord: 0.0ms | Allocations: 1474276)


Started GET "/answer?question=hi" for ::1 at 2020-10-15 19:36:36 +0800
Processing by QuestionsController#answer as HTML
  Parameters: {"question"=>"hi"}
  Rendering questions/answer.html.erb within layouts/application
  Rendered questions/answer.html.erb within layouts/application (Duration: 0.8ms | Allocations: 161)
[Webpacker] Everything's up-to-date. Nothing to do
Completed 200 OK in 14ms (Views: 12.2ms | ActiveRecord: 0.0ms | Allocations: 4805)


Started GET "/ask" for ::1 at 2020-10-15 19:38:02 +0800
  [1m[35m (0.3ms)[0m  [1m[34mSELECT sqlite_version(*)[0m
Processing by QuestionsController#ask as HTML
  Rendering questions/ask.html.erb within layouts/application
  Rendered questions/ask.html.erb within layouts/application (Duration: 1.4ms | Allocations: 82)
[Webpacker] Everything's up-to-date. Nothing to do
Completed 200 OK in 32ms (Views: 28.8ms | ActiveRecord: 0.0ms | Allocations: 5374)


Started GET "/answer?question=hi%3F" for ::1 at 2020-10-15 19:38:07 +0800
Processing by QuestionsController#answer as HTML
  Parameters: {"question"=>"hi?"}
  Rendering questions/answer.html.erb within layouts/application
  Rendered questions/answer.html.erb within layouts/application (Duration: 1.7ms | Allocations: 145)
[Webpacker] Everything's up-to-date. Nothing to do
Completed 200 OK in 26ms (Views: 22.1ms | ActiveRecord: 0.0ms | Allocations: 4805)


Started GET "/ask" for ::1 at 2020-10-15 19:38:12 +0800
Processing by QuestionsController#ask as HTML
  Rendering questions/ask.html.erb within layouts/application
  Rendered questions/ask.html.erb within layouts/application (Duration: 0.2ms | Allocations: 4)
[Webpacker] Everything's up-to-date. Nothing to do
Completed 200 OK in 29ms (Views: 27.0ms | ActiveRecord: 0.0ms | Allocations: 4495)


Started GET "/answer?question=nmae" for ::1 at 2020-10-15 19:38:16 +0800
Processing by QuestionsController#answer as HTML
  Parameters: {"question"=>"nmae"}
  Rendering questions/answer.html.erb within layouts/application
  Rendered questions/answer.html.erb within layouts/application (Duration: 0.3ms | Allocations: 21)
[Webpacker] Everything's up-to-date. Nothing to do
Completed 200 OK in 21ms (Views: 19.2ms | ActiveRecord: 0.0ms | Allocations: 4543)


Started GET "/ask" for ::1 at 2020-10-15 19:38:31 +0800
Processing by QuestionsController#ask as HTML
  Rendering questions/ask.html.erb within layouts/application
  Rendered questions/ask.html.erb within layouts/application (Duration: 0.2ms | Allocations: 4)
[Webpacker] Everything's up-to-date. Nothing to do
Completed 200 OK in 37ms (Views: 35.3ms | ActiveRecord: 0.0ms | Allocations: 4496)


Started GET "/answer?question=I+am+going+to+work" for ::1 at 2020-10-15 19:38:34 +0800
Processing by QuestionsController#answer as HTML
  Parameters: {"question"=>"I am going to work"}
  Rendering questions/answer.html.erb within layouts/application
  Rendered questions/answer.html.erb within layouts/application (Duration: 0.3ms | Allocations: 21)
[Webpacker] Everything's up-to-date. Nothing to do
Completed 200 OK in 25ms (Views: 22.8ms | ActiveRecord: 0.0ms | Allocations: 4527)


Started GET "/ask" for ::1 at 2020-10-15 19:40:11 +0800
Processing by QuestionsController#ask as HTML
  Rendering questions/ask.html.erb within layouts/application
  Rendered questions/ask.html.erb within layouts/application (Duration: 1.1ms | Allocations: 86)
[Webpacker] Everything's up-to-date. Nothing to do
Completed 200 OK in 81ms (Views: 77.8ms | ActiveRecord: 0.0ms | Allocations: 5297)


Started GET "/answer?question=hi%3F" for ::1 at 2020-10-15 19:40:15 +0800
Processing by QuestionsController#answer as HTML
  Parameters: {"question"=>"hi?"}
  Rendering questions/answer.html.erb within layouts/application
  Rendered questions/answer.html.erb within layouts/application (Duration: 1.7ms | Allocations: 150)
[Webpacker] Everything's up-to-date. Nothing to do
Completed 200 OK in 30ms (Views: 25.8ms | ActiveRecord: 0.0ms | Allocations: 4802)


Started GET "/ask" for ::1 at 2020-10-15 19:40:23 +0800
Processing by QuestionsController#ask as HTML
  Rendering questions/ask.html.erb within layouts/application
  Rendered questions/ask.html.erb within layouts/application (Duration: 0.1ms | Allocations: 4)
[Webpacker] Everything's up-to-date. Nothing to do
Completed 200 OK in 33ms (Views: 30.4ms | ActiveRecord: 0.0ms | Allocations: 4491)


